<?xml version="1.0" encoding="UTF-8"?>
<testsuite xmlns:xsi="http://www.w3.org/2001/XMLSchema-instance" xsi:noNamespaceSchemaLocation="https://maven.apache.org/surefire/maven-surefire-plugin/xsd/surefire-test-report.xsd" name="com.example.BlogRepositoryTests" time="19.59" tests="6" errors="0" skipped="0" failures="0">
  <properties>
[...]
</properties>
  <testcase name="getEntriesDESCByContentWhenSearchCriteriaEmpty" classname="com.example.BlogRepositoryTests" time="1.157"/>
  <testcase name="getEntriesDESCByContentSearchByContentMixedCase" classname="com.example.BlogRepositoryTests" time="0.145"/>
  <testcase name="getEntriesASCByTittleWhenSearchCriteriaEmpty" classname="com.example.BlogRepositoryTests" time="0.104"/>
  <testcase name="saveEntry" classname="com.example.BlogRepositoryTests" time="0.464"/>
  <testcase name="getEntriesASCByContentWhenSearchCriteriaEmpty" classname="com.example.BlogRepositoryTests" time="0.073"/>
  <testcase name="getEntriesDESCByTittleWhenSearchCriteriaEmpty" classname="com.example.BlogRepositoryTests" time="0.03"/>
</testsuite>